<?xml version="1.0" encoding="UTF-8"?>
<testng-results skipped="0" failed="0" total="1" passed="1">
  <reporter-output>
  </reporter-output>
  <suite name="Suite" duration-ms="14559" started-at="2018-05-17T06:18:32Z" finished-at="2018-05-17T06:18:47Z">
    <groups>
    </groups>
    <test name="Test" duration-ms="14559" started-at="2018-05-17T06:18:32Z" finished-at="2018-05-17T06:18:47Z">
      <class name="TCS.TC_01">
        <test-method status="PASS" signature="tescase()[pri:0, instance:TCS.TC_01@56f4468b]" name="tescase" duration-ms="14537" started-at="2018-05-17T11:48:32Z" finished-at="2018-05-17T11:48:47Z">
          <reporter-output>
          </reporter-output>
        </test-method> <!-- tescase -->
      </class> <!-- TCS.TC_01 -->
    </test> <!-- Test -->
  </suite> <!-- Suite -->
</testng-results>
